0 info it worked if it ends with ok
1 verbose cli [ 'C:\\Program Files\\nodejs\\node.exe',
1 verbose cli   'C:\\Users\\brian\\AppData\\Roaming\\npm\\node_modules\\npm\\bin\\npm-cli.js',
1 verbose cli   'start' ]
2 info using npm@3.5.3
3 info using node@v6.3.1
4 verbose run-script [ 'prestart', 'start', 'poststart' ]
5 info lifecycle atwt-app@1.0.0~prestart: atwt-app@1.0.0
6 silly lifecycle atwt-app@1.0.0~prestart: no script for prestart, continuing
7 info lifecycle atwt-app@1.0.0~start: atwt-app@1.0.0
8 verbose lifecycle atwt-app@1.0.0~start: unsafe-perm in lifecycle true
9 verbose lifecycle atwt-app@1.0.0~start: PATH: C:\Users\brian\AppData\Roaming\npm\node_modules\npm\bin\node-gyp-bin;C:\Users\brian\Documents\Websites\ATWT-blog\electron\atwt-app\node_modules\.bin;C:\Users\brian\bin;C:\Git\mingw64\bin;C:\Git\usr\local\bin;C:\Git\usr\bin;C:\Git\usr\bin;C:\Git\mingw64\bin;C:\Git\usr\bin;C:\Users\brian\bin;C:\Python27;C:\Python27\Scripts;C:\ProgramData\Oracle\Java\javapath;C:\Program Files (x86)\Intel\iCLS Client;C:\Program Files\Intel\iCLS Client;C:\WINDOWS\system32;C:\WINDOWS;C:\WINDOWS\System32\Wbem;C:\WINDOWS\System32\WindowsPowerShell\v1.0;C:\Program Files\Intel\Intel(R) Management Engine Components\DAL;C:\Program Files\Intel\Intel(R) Management Engine Components\IPT;C:\Program Files (x86)\Intel\Intel(R) Management Engine Components\DAL;C:\Program Files (x86)\Intel\Intel(R) Management Engine Components\IPT;C:\Program Files (x86)\ATI Technologies\ATI.ACE\Core-Static;C:\Program Files\Intel\WiFi\bin;C:\Program Files\Common Files\Intel\WirelessCommon;C:\Program Files (x86)\Windows Kits\8.1\Windows Performance Toolkit;C:\Program Files (x86)\Microsoft SDKs\TypeScript\1.0;C:\Program Files\Microsoft SQL Server\110\Tools\Binn;C:\Program Files (x86)\Heroku\bin;C:\Program Files (x86)\git\cmd;C:\wamp\bin\php\php5.5.12;C:\ProgramData\ComposerSetup\bin;C:\Program Files\Microsoft\Web Platform Installer;C:\Program Files\Microsoft SQL Server\120\Tools\Binn;C:\Program Files\Microsoft DNX\Dnvm;C:\git\cmd;C:\HashiCorp\Vagrant\bin;C:\Program Files\nodejs;C:\Program Files\Microsoft SQL Server\130\Tools\Binn;C:\Users\brian\.dnx\runtimes\dnx-clr-win-x86.1.0.0-rc1-update1\bin;C:\Users\brian\.dnx\bin;C:\Ruby22\bin;C:\Users\brian\AppData\Local\Code\bin;C:\Program Files (x86)\Microsoft VS Code\bin;C:\Users\brian\AppData\Roaming\npm;C:\Python27\Scripts;C:\Users\brian\AppData\Local\Microsoft\WindowsApps;C:\Git\usr\bin\vendor_perl;C:\Git\usr\bin\core_perl
10 verbose lifecycle atwt-app@1.0.0~start: CWD: C:\Users\brian\Documents\Websites\ATWT-blog\electron\atwt-app
11 silly lifecycle atwt-app@1.0.0~start: Args: [ '/d /s /c', 'electron .' ]
12 silly lifecycle atwt-app@1.0.0~start: Returned: code: 1  signal: null
13 info lifecycle atwt-app@1.0.0~start: Failed to exec start script
14 verbose stack Error: atwt-app@1.0.0 start: `electron .`
14 verbose stack Exit status 1
14 verbose stack     at EventEmitter.<anonymous> (C:\Users\brian\AppData\Roaming\npm\node_modules\npm\lib\utils\lifecycle.js:232:16)
14 verbose stack     at emitTwo (events.js:106:13)
14 verbose stack     at EventEmitter.emit (events.js:191:7)
14 verbose stack     at ChildProcess.<anonymous> (C:\Users\brian\AppData\Roaming\npm\node_modules\npm\lib\utils\spawn.js:24:14)
14 verbose stack     at emitTwo (events.js:106:13)
14 verbose stack     at ChildProcess.emit (events.js:191:7)
14 verbose stack     at maybeClose (internal/child_process.js:852:16)
14 verbose stack     at Process.ChildProcess._handle.onexit (internal/child_process.js:215:5)
15 verbose pkgid atwt-app@1.0.0
16 verbose cwd C:\Users\brian\Documents\Websites\ATWT-blog\electron\atwt-app
17 error Windows_NT 10.0.14393
18 error argv "C:\\Program Files\\nodejs\\node.exe" "C:\\Users\\brian\\AppData\\Roaming\\npm\\node_modules\\npm\\bin\\npm-cli.js" "start"
19 error node v6.3.1
20 error npm  v3.5.3
21 error code ELIFECYCLE
22 error atwt-app@1.0.0 start: `electron .`
22 error Exit status 1
23 error Failed at the atwt-app@1.0.0 start script 'electron .'.
23 error Make sure you have the latest version of node.js and npm installed.
23 error If you do, this is most likely a problem with the atwt-app package,
23 error not with npm itself.
23 error Tell the author that this fails on your system:
23 error     electron .
23 error You can get information on how to open an issue for this project with:
23 error     npm bugs atwt-app
23 error Or if that isn't available, you can get their info via:
23 error     npm owner ls atwt-app
23 error There is likely additional logging output above.
24 verbose exit [ 1, true ]
