Arguments: 
  C:\Program Files\nodejs\node.exe C:\Program Files\nodejs\node_modules\yarn\bin\yarn.js install

PATH: 
  C:\Users\brian\Documents\cmder\bin;C:\Users\brian\Documents\cmder\vendor\conemu-maximus5\ConEmu\Scripts;C:\Users\brian\Documents\cmder\vendor\conemu-maximus5;C:\Users\brian\Documents\cmder\vendor\conemu-maximus5\ConEmu;C:\Python27\;C:\Python27\Scripts;C:\ProgramData\Oracle\Java\javapath;C:\Program Files (x86)\Intel\iCLS Client\;C:\Program Files\Intel\iCLS Client\;C:\WINDOWS\system32;C:\WINDOWS;C:\WINDOWS\System32\Wbem;C:\WINDOWS\System32\WindowsPowerShell\v1.0\;C:\Program Files\Intel\Intel(R) Management Engine Components\DAL;C:\Program Files\Intel\Intel(R) Management Engine Components\IPT;C:\Program Files (x86)\Intel\Intel(R) Management Engine Components\DAL;C:\Program Files (x86)\Intel\Intel(R) Management Engine Components\IPT;C:\Program Files (x86)\ATI Technologies\ATI.ACE\Core-Static;C:\Program Files\Intel\WiFi\bin\;C:\Program Files\Common Files\Intel\WirelessCommon\;C:\Program Files (x86)\Microsoft SDKs\TypeScript\1.0\;C:\Program Files\Microsoft SQL Server\110\Tools\Binn\;C:\Program Files (x86)\Heroku\bin;C:\Program Files (x86)\git\cmd;C:\wamp\bin\php\php5.5.12;C:\ProgramData\ComposerSetup\bin;C:\Program Files\Microsoft\Web Platform Installer\;C:\Program Files\Microsoft SQL Server\120\Tools\Binn\;C:\Program Files\Microsoft DNX\Dnvm\;C:\HashiCorp\Vagrant\bin;C:\Program Files\Microsoft SQL Server\130\Tools\Binn\;C:\Users\brian\AppData\Roaming\nvm;C:\Program Files\nodejs;C:\ProgramData\chocolatey\bin;C:\Program Files\nodejs\;C:\Program Files\dotnet\;C:\Program Files (x86)\Xoreax\IncrediBuild;C:\git\cmd;C:\Program Files (x86)\Windows Kits\8.1\Windows Performance Toolkit\;C:\Program Files\Microsoft SQL Server\120;C:\Program Files (x86)\Microsoft VS Code\bin;C:\Users\brian\AppData\Roaming\npm;C:\Git\usr\bin;C:\Git\usr\share\vim\vim74;C:\Users\brian\Documents\cmder\

Yarn version: 
  0.21.3

Node version: 
  6.10.1

Platform: 
  win32 x64

npm manifest: 
  {
    "name": "FoodAndMovieMashup",
    "version": "1.0.0",
    "description": "",
    "main": "index.js",
    "scripts": {
      "test": "echo \"Error: no test specified\" && exit 1"
    },
    "keywords": [],
    "author": "",
    "license": "ISC",
    "devDependencies": {
      "babel-preset-env": "^1.2.2",
      "babel-preset-es2015": "^6.24.0",
      "babel-preset-react": "^6.23.0",
      "lodash": "^4.17.4",
      "path": "^0.12.7",
      "react": "^15.4.2",
      "react-dom": "^15.4.2",
      "webpack": "^2.3.1",
      "babel-core": "^6.24.0",
      "babel-loader": "^6.4.1"
    },
    "dependencies": {
      "bluebird": "^3.5.0",
      "moment": "^2.18.1",
      "react-redux": "^5.0.3",
      "redux": "^3.6.0"
    }
  }

yarn manifest: 
  No manifest

Lockfile: 
  No lockfile

Trace: 
  Error: ENOENT: no such file or directory, open 'C:\Users\brian\Documents\TrunkClubProject\FoodAndMovieMashup\FoodAndMovieMashup\node_modules\ajv\.tonic_example.js'
      at Error (native)
